# JRE version: Java(TM) SE Runtime Environment (15.0.1+9) (build 15.0.1+9-18)
# Java VM: Java HotSpot(TM) 64-Bit Server VM (15.0.1+9-18, mixed mode, sharing, tiered, compressed oops, g1 gc, linux-amd64)
GC Precious Log:
 CPUs: 16 total, 16 available
 Memory: 7407M
 Large Page Support: Disabled
 NUMA Support: Disabled
 Compressed Oops: Enabled (32-bit)
 Heap Region Size: 1M
 Heap Min Capacity: 256M
 Heap Initial Capacity: 256M
 Heap Max Capacity: 512M
 Pre-touch: Disabled
 Parallel Workers: 13
 Concurrent Workers: 3
 Concurrent Refinement Workers: 13
 Periodic GC: Disabled
Heap:
 garbage-first heap   total 265216K, used 138945K [0x00000000e0000000, 0x0000000100000000)
  region size 1024K, 15 young (15360K), 4 survivors (4096K)
 Metaspace       used 99679K, capacity 102253K, committed 102576K, reserved 344064K
  class space    used 12335K, capacity 13155K, committed 13184K, reserved 253952K
GC Heap History (20 events):
Event: 136.539 GC heap before
{Heap before GC invocations=11 (full 0):
 garbage-first heap   total 262144K, used 193689K [0x00000000e0000000, 0x0000000100000000)
  region size 1024K, 132 young (135168K), 19 survivors (19456K)
 Metaspace       used 85505K, capacity 88000K, committed 88368K, reserved 331776K
  class space    used 10596K, capacity 11423K, committed 11520K, reserved 253952K
}
Event: 136.555 GC heap after
{Heap after GC invocations=12 (full 0):
 garbage-first heap   total 262144K, used 91896K [0x00000000e0000000, 0x0000000100000000)
  region size 1024K, 12 young (12288K), 12 survivors (12288K)
 Metaspace       used 85505K, capacity 88000K, committed 88368K, reserved 331776K
  class space    used 10596K, capacity 11423K, committed 11520K, reserved 253952K
}
Event: 137.808 GC heap before
{Heap before GC invocations=12 (full 0):
 garbage-first heap   total 262144K, used 199416K [0x00000000e0000000, 0x0000000100000000)
  region size 1024K, 117 young (119808K), 12 survivors (12288K)
 Metaspace       used 87974K, capacity 90536K, committed 90800K, reserved 333824K
  class space    used 11043K, capacity 11858K, committed 11904K, reserved 253952K
}
Event: 137.821 GC heap after
{Heap after GC invocations=13 (full 0):
 garbage-first heap   total 262144K, used 102121K [0x00000000e0000000, 0x0000000100000000)
  region size 1024K, 11 young (11264K), 11 survivors (11264K)
 Metaspace       used 87974K, capacity 90536K, committed 90800K, reserved 333824K
  class space    used 11043K, capacity 11858K, committed 11904K, reserved 253952K
}
Event: 139.067 GC heap before
{Heap before GC invocations=13 (full 0):
 garbage-first heap   total 262144K, used 201449K [0x00000000e0000000, 0x0000000100000000)
  region size 1024K, 108 young (110592K), 11 survivors (11264K)
 Metaspace       used 88788K, capacity 91356K, committed 91696K, reserved 333824K
  class space    used 11113K, capacity 11976K, committed 12032K, reserved 253952K
}
Event: 139.079 GC heap after
{Heap after GC invocations=14 (full 0):
 garbage-first heap   total 262144K, used 113223K [0x00000000e0000000, 0x0000000100000000)
  region size 1024K, 11 young (11264K), 11 survivors (11264K)
 Metaspace       used 88788K, capacity 91356K, committed 91696K, reserved 333824K
  class space    used 11113K, capacity 11976K, committed 12032K, reserved 253952K
}
Event: 140.023 GC heap before
{Heap before GC invocations=14 (full 0):
 garbage-first heap   total 262144K, used 204359K [0x00000000e0000000, 0x0000000100000000)
  region size 1024K, 101 young (103424K), 11 survivors (11264K)
 Metaspace       used 92935K, capacity 95628K, committed 95792K, reserved 337920K
  class space    used 11633K, capacity 12469K, committed 12544K, reserved 253952K
}
Event: 140.035 GC heap after
{Heap after GC invocations=15 (full 0):
 garbage-first heap   total 262144K, used 121256K [0x00000000e0000000, 0x0000000100000000)
  region size 1024K, 9 young (9216K), 9 survivors (9216K)
 Metaspace       used 92935K, capacity 95628K, committed 95792K, reserved 337920K
  class space    used 11633K, capacity 12469K, committed 12544K, reserved 253952K
}
Event: 140.531 GC heap before
{Heap before GC invocations=15 (full 0):
 garbage-first heap   total 262144K, used 165288K [0x00000000e0000000, 0x0000000100000000)
  region size 1024K, 51 young (52224K), 9 survivors (9216K)
 Metaspace       used 93381K, capacity 96090K, committed 96304K, reserved 337920K
  class space    used 11655K, capacity 12537K, committed 12544K, reserved 253952K
}
Event: 140.542 GC heap after
{Heap after GC invocations=16 (full 0):
 garbage-first heap   total 262144K, used 132285K [0x00000000e0000000, 0x0000000100000000)
  region size 1024K, 9 young (9216K), 9 survivors (9216K)
 Metaspace       used 93381K, capacity 96090K, committed 96304K, reserved 337920K
  class space    used 11655K, capacity 12537K, committed 12544K, reserved 253952K
}
Event: 141.356 GC heap before
{Heap before GC invocations=17 (full 0):
 garbage-first heap   total 262144K, used 209085K [0x00000000e0000000, 0x0000000100000000)
  region size 1024K, 80 young (81920K), 9 survivors (9216K)
 Metaspace       used 94221K, capacity 96780K, committed 97072K, reserved 339968K
  class space    used 11669K, capacity 12465K, committed 12544K, reserved 253952K
}
Event: 141.364 GC heap after
{Heap after GC invocations=18 (full 0):
 garbage-first heap   total 262144K, used 134857K [0x00000000e0000000, 0x0000000100000000)
  region size 1024K, 7 young (7168K), 7 survivors (7168K)
 Metaspace       used 94221K, capacity 96780K, committed 97072K, reserved 339968K
  class space    used 11669K, capacity 12465K, committed 12544K, reserved 253952K
}
Event: 141.635 GC heap before
{Heap before GC invocations=18 (full 0):
 garbage-first heap   total 262144K, used 173769K [0x00000000e0000000, 0x0000000100000000)
  region size 1024K, 47 young (48128K), 7 survivors (7168K)
 Metaspace       used 94304K, capacity 96908K, committed 97072K, reserved 339968K
  class space    used 11670K, capacity 12465K, committed 12544K, reserved 253952K
}
Event: 141.643 GC heap after
{Heap after GC invocations=19 (full 0):
 garbage-first heap   total 262144K, used 144059K [0x00000000e0000000, 0x0000000100000000)
  region size 1024K, 9 young (9216K), 9 survivors (9216K)
 Metaspace       used 94304K, capacity 96908K, committed 97072K, reserved 339968K
  class space    used 11670K, capacity 12465K, committed 12544K, reserved 253952K
}
Event: 142.424 GC heap before
{Heap before GC invocations=20 (full 0):
 garbage-first heap   total 265216K, used 211642K [0x00000000e0000000, 0x0000000100000000)
  region size 1024K, 70 young (71680K), 9 survivors (9216K)
 Metaspace       used 94802K, capacity 97374K, committed 97584K, reserved 339968K
  class space    used 11718K, capacity 12532K, committed 12544K, reserved 253952K
}
Event: 142.430 GC heap after
{Heap after GC invocations=21 (full 0):
 garbage-first heap   total 265216K, used 143733K [0x00000000e0000000, 0x0000000100000000)
  region size 1024K, 5 young (5120K), 5 survivors (5120K)
 Metaspace       used 94802K, capacity 97374K, committed 97584K, reserved 339968K
  class space    used 11718K, capacity 12532K, committed 12544K, reserved 253952K
}
Event: 142.456 GC heap before
{Heap before GC invocations=21 (full 0):
 garbage-first heap   total 265216K, used 150901K [0x00000000e0000000, 0x0000000100000000)
  region size 1024K, 12 young (12288K), 5 survivors (5120K)
 Metaspace       used 94808K, capacity 97438K, committed 97584K, reserved 339968K
  class space    used 11718K, capacity 12532K, committed 12544K, reserved 253952K
}
Event: 142.473 GC heap after
{Heap after GC invocations=22 (full 0):
 garbage-first heap   total 265216K, used 128984K [0x00000000e0000000, 0x0000000100000000)
  region size 1024K, 2 young (2048K), 2 survivors (2048K)
 Metaspace       used 94808K, capacity 97438K, committed 97584K, reserved 339968K
  class space    used 11718K, capacity 12532K, committed 12544K, reserved 253952K
}
Event: 142.815 GC heap before
{Heap before GC invocations=22 (full 0):
 garbage-first heap   total 265216K, used 206808K [0x00000000e0000000, 0x0000000100000000)
  region size 1024K, 79 young (80896K), 2 survivors (2048K)
 Metaspace       used 95500K, capacity 98137K, committed 98480K, reserved 339968K
  class space    used 11760K, capacity 12573K, committed 12672K, reserved 253952K
}
Event: 142.821 GC heap after
{Heap after GC invocations=23 (full 0):
 garbage-first heap   total 265216K, used 131777K [0x00000000e0000000, 0x0000000100000000)
  region size 1024K, 4 young (4096K), 4 survivors (4096K)
 Metaspace       used 95500K, capacity 98137K, committed 98480K, reserved 339968K
  class space    used 11760K, capacity 12573K, committed 12672K, reserved 253952K
}

